app/build/outputs/logs/manifest-merger-debug-report.txt
-- Merging decision tree log ---
manifest
ADDED from src\main\AndroidManifest.xml:2:1-70:12
	xmlns:android
		ADDED from src\main\AndroidManifest.xml:2:11-69
	package
		ADDED from src\main\AndroidManifest.xml:3:7-46
		INJECTED from src\main\AndroidManifest.xml
		INJECTED from src\main\AndroidManifest.xml
	android:versionName
		ADDED from src\main\AndroidManifest.xml:6:7-32
		INJECTED from src\main\AndroidManifest.xml
		INJECTED from src\main\AndroidManifest.xml
	android:versionCode
		ADDED from src\main\AndroidManifest.xml:5:7-30
		INJECTED from src\main\AndroidManifest.xml
		INJECTED from src\main\AndroidManifest.xml
supports-screens
ADDED from src\main\AndroidManifest.xml:11:11-14:6
	android:resizeable
		ADDED from src\main\AndroidManifest.xml:11:29-55
	android:smallScreens
		ADDED from src\main\AndroidManifest.xml:12:24-52
uses-sdk
ADDED from src\main\AndroidManifest.xml:17:5-74
	android:targetSdkVersion
		ADDED from src\main\AndroidManifest.xml:17:42-71
		INJECTED from src\main\AndroidManifest.xml
		INJECTED from src\main\AndroidManifest.xml
	android:minSdkVersion
		ADDED from src\main\AndroidManifest.xml:17:15-41
		INJECTED from src\main\AndroidManifest.xml
		INJECTED from src\main\AndroidManifest.xml
application
ADDED from src\main\AndroidManifest.xml:19:5-69:19
	android:screenOrientation
		ADDED from src\main\AndroidManifest.xml:23:4-40
	android:label
		ADDED from src\main\AndroidManifest.xml:20:5-37
	android:icon
		ADDED from src\main\AndroidManifest.xml:19:18-47
	android:configChanges
		ADDED from src\main\AndroidManifest.xml:24:4-54
	android:name
		ADDED from src\main\AndroidManifest.xml:21:5-32
activity#com.pringls.android.fourinrow.activity.MainMenuActivity
ADDED from src\main\AndroidManifest.xml:28:9-40:20
	android:screenOrientation
		ADDED from src\main\AndroidManifest.xml:31:19-55
	android:label
		ADDED from src\main\AndroidManifest.xml:29:19-51
	android:configChanges
		ADDED from src\main\AndroidManifest.xml:32:19-69
	android:theme
		ADDED from src\main\AndroidManifest.xml:30:19-66
	android:name
		ADDED from src\main\AndroidManifest.xml:28:19-60
intent-filter#android.intent.action.MAIN+android.intent.category.LAUNCHER
ADDED from src\main\AndroidManifest.xml:35:21-38:31
action#android.intent.action.MAIN
ADDED from src\main\AndroidManifest.xml:36:19-71
	android:name
		ADDED from src\main\AndroidManifest.xml:36:27-68
category#android.intent.category.LAUNCHER
ADDED from src\main\AndroidManifest.xml:37:19-79
	android:name
		ADDED from src\main\AndroidManifest.xml:37:29-76
activity#com.pringls.android.fourinrow.activity.Connect4Activity
ADDED from src\main\AndroidManifest.xml:43:9-49:20
	android:screenOrientation
		ADDED from src\main\AndroidManifest.xml:45:19-55
	android:label
		ADDED from src\main\AndroidManifest.xml:43:69-101
	android:configChanges
		ADDED from src\main\AndroidManifest.xml:46:19-69
	android:theme
		ADDED from src\main\AndroidManifest.xml:44:19-66
	android:name
		ADDED from src\main\AndroidManifest.xml:43:19-60
activity#com.pringls.android.fourinrow.activity.SettingsActivity
ADDED from src\main\AndroidManifest.xml:54:3-59:20
	android:screenOrientation
		ADDED from src\main\AndroidManifest.xml:56:19-55
	android:label
		ADDED from src\main\AndroidManifest.xml:54:55-87
	android:configChanges
		ADDED from src\main\AndroidManifest.xml:57:19-69
	android:theme
		ADDED from src\main\AndroidManifest.xml:55:19-66
	android:name
		ADDED from src\main\AndroidManifest.xml:54:13-54
activity#com.pringls.android.fourinrow.activity.HelpActivity
ADDED from src\main\AndroidManifest.xml:61:9-66:20
	android:screenOrientation
		ADDED from src\main\AndroidManifest.xml:63:19-55
	android:label
		ADDED from src\main\AndroidManifest.xml:61:64-96
	android:configChanges
		ADDED from src\main\AndroidManifest.xml:64:19-69
	android:theme
		ADDED from src\main\AndroidManifest.xml:62:19-66
	android:name
		ADDED from src\main\AndroidManifest.xml:61:19-56